<?xml version="1.0" encoding="UTF-8"?>
<!-- Generated by org.testng.reporters.JUnitReportReporter -->
<testsuite hostname="DESKTOP-4JL3E0L" failures="0" tests="1" name="com.autoIt.ApplicationLaunch" time="0.012" errors="0" timestamp="2023-10-04T16:16:02 IST" skipped="0">
  <testcase classname="com.autoIt.ApplicationLaunch" name="launchApplication" time="0.012"/>
  <system-out/>
</testsuite> <!-- com.autoIt.ApplicationLaunch -->
