<?xml version="1.0" encoding="UTF-8"?>
<!-- Generated by org.testng.reporters.JUnitReportReporter -->
<testsuite hostname="DESKTOP-4JL3E0L" failures="0" tests="4" name="com.autoIt.OrangeHRMApplicationAutoIt" time="4.165" errors="0" timestamp="2023-10-04T17:44:39 IST" skipped="0">
  <testcase classname="com.autoIt.OrangeHRMApplicationAutoIt" name="applicationLogin" time="2.433"/>
  <system-out/>
  <testcase classname="com.autoIt.OrangeHRMApplicationAutoIt" name="validateWelcom" time="0.109"/>
  <system-out/>
  <testcase classname="com.autoIt.OrangeHRMApplicationAutoIt" name="pim" time="0.234"/>
  <system-out/>
  <testcase classname="com.autoIt.OrangeHRMApplicationAutoIt" name="addEmployee" time="1.389"/>
  <system-out/>
</testsuite> <!-- com.autoIt.OrangeHRMApplicationAutoIt -->
