<?xml version="1.0" encoding="UTF-8"?>
<!-- Generated by org.testng.reporters.JUnitReportReporter -->
<testsuite hostname="DESKTOP-4JL3E0L" failures="0" tests="1" name="com.StepDefinition.POMEg" time="0.427" errors="0" timestamp="2023-10-11T17:46:54 IST" skipped="0">
  <testcase classname="com.StepDefinition.POMEg" name="setting" time="0.427"/>
  <system-out/>
</testsuite> <!-- com.StepDefinition.POMEg -->
